Сборка начата 24.12.2024 14:29:50.
Уровень детализации журнала: Normal.     1>Проект "D:\уник\3 сем\АСД\lab11\lab11 (asd)\lab11 (asd)\lab11 (asd).vcxproj" в узле 2 (целевые объекты Build).
     1>InitializeBuildStatus:
         Создание "x64\Debug\lab11 (asd).tlog\unsuccessfulbuild", так как было задано "AlwaysCreate".
         Обращение к "x64\Debug\lab11 (asd).tlog\unsuccessfulbuild".
       ClCompile:
         C:\Program Files\Microsoft Visual Studio\2022\Preview\VC\Tools\MSVC\14.38.32919\bin\HostX64\x64\CL.exe /c /ZI /JMC /nologo /W3 /WX- /diagnostics:column /sdl /Od /D _DEBUG /D _CONSOLE /D _UNICODE /D UNICODE /Gm- /EHsc /RTC1 /MDd /GS /fp:precise /Zc:wchar_t /Zc:forScope /Zc:inline /permissive- /Fo"x64\Debug\\" /Fd"x64\Debug\vc143.pdb" /external:W3 /Gd /TP /FC /errorReport:prompt "lab11 (asd).cpp"
         lab11 (asd).cpp
     1>D:\уник\3 сем\АСД\lab11\lab11 (asd)\lab11 (asd)\lab11 (asd).cpp(10,16): warning C4267: инициализация: преобразование из "size_t" в "int"; возможна потеря данных
     1>D:\уник\3 сем\АСД\lab11\lab11 (asd)\lab11 (asd)\lab11 (asd).cpp(18,15): warning C4244: аргумент: преобразование "time_t" в "unsigned int", возможна потеря данных
       Link:
         C:\Program Files\Microsoft Visual Studio\2022\Preview\VC\Tools\MSVC\14.38.32919\bin\HostX64\x64\link.exe /ERRORREPORT:PROMPT /OUT:"D:\уник\3 сем\АСД\lab11\lab11 (asd)\x64\Debug\lab11 (asd).exe" /INCREMENTAL /ILK:"x64\Debug\lab11 (asd).ilk" /NOLOGO kernel32.lib user32.lib gdi32.lib winspool.lib comdlg32.lib advapi32.lib shell32.lib ole32.lib oleaut32.lib uuid.lib odbc32.lib odbccp32.lib /MANIFEST /MANIFESTUAC:"level='asInvoker' uiAccess='false'" /manifest:embed /DEBUG /PDB:"D:\уник\3 сем\АСД\lab11\lab11 (asd)\x64\Debug\lab11 (asd).pdb" /SUBSYSTEM:CONSOLE /TLBID:1 /DYNAMICBASE /NXCOMPAT /IMPLIB:"D:\уник\3 сем\АСД\lab11\lab11 (asd)\x64\Debug\lab11 (asd).lib" /MACHINE:X64 "x64\Debug\lab11 (asd).obj"
         lab11 (asd).vcxproj -> D:\уник\3 сем\АСД\lab11\lab11 (asd)\x64\Debug\lab11 (asd).exe
       FinalizeBuildStatus:
         Файл "x64\Debug\lab11 (asd).tlog\unsuccessfulbuild" удаляется.
         Обращение к "x64\Debug\lab11 (asd).tlog\lab11 (asd).lastbuildstate".
     1>Сборка проекта "D:\уник\3 сем\АСД\lab11\lab11 (asd)\lab11 (asd)\lab11 (asd).vcxproj" завершена (целевые объекты Build).

Сборка успешно завершена.

       "D:\уник\3 сем\АСД\lab11\lab11 (asd)\lab11 (asd)\lab11 (asd).vcxproj" (целевой объект Build ) (1) ->
       (Целевой объект ClCompile) -> 
         D:\уник\3 сем\АСД\lab11\lab11 (asd)\lab11 (asd)\lab11 (asd).cpp(10,16): warning C4267: инициализация: преобразование из "size_t" в "int"; возможна потеря данных
         D:\уник\3 сем\АСД\lab11\lab11 (asd)\lab11 (asd)\lab11 (asd).cpp(18,15): warning C4244: аргумент: преобразование "time_t" в "unsigned int", возможна потеря данных

    Предупреждений: 2
    Ошибок: 0

Прошло времени 00:00:01.32
