Сборка начата 01.10.2024 15:05:40.
Уровень детализации журнала: Normal.     1>Проект "D:\уник\3 сем\АСД\lab03 гс\lab03 (asd)\lab03 (asd)\lab03 (asd).vcxproj" в узле 2 (целевые объекты Build).
     1>InitializeBuildStatus:
         Создание "x64\Debug\lab03 (asd).tlog\unsuccessfulbuild", так как было задано "AlwaysCreate".
         Обращение к "x64\Debug\lab03 (asd).tlog\unsuccessfulbuild".
       ClCompile:
         C:\Program Files\Microsoft Visual Studio\2022\Preview\VC\Tools\MSVC\14.38.32919\bin\HostX64\x64\CL.exe /c /ZI /JMC /nologo /W3 /WX- /diagnostics:column /sdl /Od /D _DEBUG /D _CONSOLE /D _UNICODE /D UNICODE /Gm- /EHsc /RTC1 /MDd /GS /fp:precise /Zc:wchar_t /Zc:forScope /Zc:inline /permissive- /Fo"x64\Debug\\" /Fd"x64\Debug\vc143.pdb" /external:W3 /Gd /TP /FC /errorReport:prompt "lab03 (asd).cpp"
         lab03 (asd).cpp
     1>D:\уник\3 сем\АСД\lab03 гс\lab03 (asd)\lab03 (asd)\lab03 (asd).cpp(5,17): warning C4244: инициализация: преобразование "double" в "int", возможна потеря данных
       Link:
         C:\Program Files\Microsoft Visual Studio\2022\Preview\VC\Tools\MSVC\14.38.32919\bin\HostX64\x64\link.exe /ERRORREPORT:PROMPT /OUT:"D:\уник\3 сем\АСД\lab03 гс\lab03 (asd)\x64\Debug\lab03 (asd).exe" /INCREMENTAL /ILK:"x64\Debug\lab03 (asd).ilk" /NOLOGO kernel32.lib user32.lib gdi32.lib winspool.lib comdlg32.lib advapi32.lib shell32.lib ole32.lib oleaut32.lib uuid.lib odbc32.lib odbccp32.lib /MANIFEST /MANIFESTUAC:"level='asInvoker' uiAccess='false'" /manifest:embed /DEBUG /PDB:"D:\уник\3 сем\АСД\lab03 гс\lab03 (asd)\x64\Debug\lab03 (asd).pdb" /SUBSYSTEM:CONSOLE /TLBID:1 /DYNAMICBASE /NXCOMPAT /IMPLIB:"D:\уник\3 сем\АСД\lab03 гс\lab03 (asd)\x64\Debug\lab03 (asd).lib" /MACHINE:X64 "x64\Debug\lab03 (asd).obj"
         lab03 (asd).vcxproj -> D:\уник\3 сем\АСД\lab03 гс\lab03 (asd)\x64\Debug\lab03 (asd).exe
       TlogCleanup:
         Следующие элементы будут удалены из tlogs, так как они были удалены из проекта или сборки: D:\уник\3 сем\АСД\lab03\lab03 (asd)\lab03 (asd)\lab03 (asd).cpp.
       FinalizeBuildStatus:
         Файл "x64\Debug\lab03 (asd).tlog\unsuccessfulbuild" удаляется.
         Обращение к "x64\Debug\lab03 (asd).tlog\lab03 (asd).lastbuildstate".
     1>Сборка проекта "D:\уник\3 сем\АСД\lab03 гс\lab03 (asd)\lab03 (asd)\lab03 (asd).vcxproj" завершена (целевые объекты Build).

Сборка успешно завершена.

       "D:\уник\3 сем\АСД\lab03 гс\lab03 (asd)\lab03 (asd)\lab03 (asd).vcxproj" (целевой объект Build ) (1) ->
       (Целевой объект ClCompile) -> 
         D:\уник\3 сем\АСД\lab03 гс\lab03 (asd)\lab03 (asd)\lab03 (asd).cpp(5,17): warning C4244: инициализация: преобразование "double" в "int", возможна потеря данных

    Предупреждений: 1
    Ошибок: 0

Прошло времени 00:00:01.31
